
alacritty
bat
bluez
bluez-utils
cronie
curl
dbus-python
dina-font
dunst
firefox
firefox-dark-reader
firefox-extension-https-everywhere
firefox-extension-privacybadger
firefox-ublock-origin
firefox-umatrix
firefox-vim-vixen
keepassxc
libnotify
mlocate
mpd
ncdu
ncmpcpp
nitch
obsidian
openssh
p7zip
pacman-contrib
picom
playerctl
polybar
python-pip
qbittorrent
rofi
sddm
sddm-sugar-dark
tmux
ttf-font-awesome
ttf-jetbrains-mono
unrar
unzip
vlc
wget
xorg-fonts-encodings
xorg-server
xorg-setxkbmap
xorg-xbacklight
xorg-xclipboard
xorg-xinit
xorg-xrandr
xwallpaper
youtube-dl
zathura
zathura-pdf-mupdf
zip
zsh
zsh-autosuggestions
zsh-syntax-highlighting
zsh-theme-powerlevel10k
